<?xml version="1.0" encoding="UTF-8"?>
<!-- Generated by org.testng.reporters.JUnitXMLReporter -->
<testsuite hostname="YY185169" name="Default test" tests="3" failures="0" timestamp="25 May 2020 11:15:49 GMT" time="44.765" errors="0">
  <testcase name="Test1" time="2.941" classname="com.AgileIT.SampleProject1.TestClass1"/>
  <testcase name="Test2" time="2.831" classname="com.AgileIT.SampleProject1.TestClass1"/>
  <testcase name="Test3" time="2.576" classname="com.AgileIT.SampleProject1.TestClass1"/>
</testsuite> <!-- Default test -->
