<?xml version="1.0" encoding="UTF-8"?>
<!-- Generated by org.testng.reporters.JUnitXMLReporter -->
<testsuite hostname="YY185169" ignored="0" name="Test" tests="3" failures="0" timestamp="2020-05-25T16:52:03 IST" time="45.653" errors="0">
  <testcase name="Test1" time="2.776" classname="com.AgileIT.SampleProject1.TestClass1"/>
  <testcase name="Test2" time="3.085" classname="com.AgileIT.SampleProject1.TestClass1"/>
  <testcase name="Test3" time="3.167" classname="com.AgileIT.SampleProject1.TestClass1"/>
</testsuite> <!-- Test -->
