<?xml version="1.0" encoding="UTF-8"?>
<testng-results skipped="0" failed="0" ignored="0" total="3" passed="3">
  <reporter-output>
  </reporter-output>
  <suite name="Suite" duration-ms="45653" started-at="2020-05-25T16:51:17 IST" finished-at="2020-05-25T16:52:03 IST">
    <groups>
    </groups>
    <test name="Test" duration-ms="45653" started-at="2020-05-25T16:51:17 IST" finished-at="2020-05-25T16:52:03 IST">
      <class name="com.AgileIT.SampleProject1.TestClass1">
        <test-method status="PASS" signature="launchDriver()[pri:0, instance:com.AgileIT.SampleProject1.TestClass1@5702b3b1]" name="launchDriver" is-config="true" duration-ms="11379" started-at="2020-05-25T16:51:17 IST" finished-at="2020-05-25T16:51:28 IST">
          <reporter-output>
          </reporter-output>
        </test-method> <!-- launchDriver -->
        <test-method status="PASS" signature="Test1()[pri:0, instance:com.AgileIT.SampleProject1.TestClass1@5702b3b1]" name="Test1" duration-ms="2776" started-at="2020-05-25T16:51:28 IST" finished-at="2020-05-25T16:51:31 IST">
          <reporter-output>
          </reporter-output>
        </test-method> <!-- Test1 -->
        <test-method status="PASS" signature="quit()[pri:0, instance:com.AgileIT.SampleProject1.TestClass1@5702b3b1]" name="quit" is-config="true" duration-ms="1353" started-at="2020-05-25T16:51:31 IST" finished-at="2020-05-25T16:51:32 IST">
          <reporter-output>
          </reporter-output>
        </test-method> <!-- quit -->
        <test-method status="PASS" signature="launchDriver()[pri:0, instance:com.AgileIT.SampleProject1.TestClass1@5702b3b1]" name="launchDriver" is-config="true" duration-ms="9345" started-at="2020-05-25T16:51:32 IST" finished-at="2020-05-25T16:51:42 IST">
          <reporter-output>
          </reporter-output>
        </test-method> <!-- launchDriver -->
        <test-method status="PASS" signature="Test2()[pri:0, instance:com.AgileIT.SampleProject1.TestClass1@5702b3b1]" name="Test2" duration-ms="3085" started-at="2020-05-25T16:51:42 IST" finished-at="2020-05-25T16:51:45 IST">
          <reporter-output>
          </reporter-output>
        </test-method> <!-- Test2 -->
        <test-method status="PASS" signature="quit()[pri:0, instance:com.AgileIT.SampleProject1.TestClass1@5702b3b1]" name="quit" is-config="true" duration-ms="1289" started-at="2020-05-25T16:51:45 IST" finished-at="2020-05-25T16:51:46 IST">
          <reporter-output>
          </reporter-output>
        </test-method> <!-- quit -->
        <test-method status="PASS" signature="launchDriver()[pri:0, instance:com.AgileIT.SampleProject1.TestClass1@5702b3b1]" name="launchDriver" is-config="true" duration-ms="11468" started-at="2020-05-25T16:51:46 IST" finished-at="2020-05-25T16:51:58 IST">
          <reporter-output>
          </reporter-output>
        </test-method> <!-- launchDriver -->
        <test-method status="PASS" signature="Test3()[pri:0, instance:com.AgileIT.SampleProject1.TestClass1@5702b3b1]" name="Test3" duration-ms="3167" started-at="2020-05-25T16:51:58 IST" finished-at="2020-05-25T16:52:01 IST">
          <reporter-output>
          </reporter-output>
        </test-method> <!-- Test3 -->
        <test-method status="PASS" signature="quit()[pri:0, instance:com.AgileIT.SampleProject1.TestClass1@5702b3b1]" name="quit" is-config="true" duration-ms="1733" started-at="2020-05-25T16:52:01 IST" finished-at="2020-05-25T16:52:03 IST">
          <reporter-output>
          </reporter-output>
        </test-method> <!-- quit -->
      </class> <!-- com.AgileIT.SampleProject1.TestClass1 -->
    </test> <!-- Test -->
  </suite> <!-- Suite -->
</testng-results>
