<?xml version="1.0" encoding="UTF-8"?>
<testng-results skipped="0" failed="0" total="3" passed="3">
  <reporter-output>
  </reporter-output>
  <suite name="Default suite" duration-ms="44765" started-at="2020-05-25T11:15:04Z" finished-at="2020-05-25T11:15:49Z">
    <groups>
    </groups>
    <test name="Default test" duration-ms="44765" started-at="2020-05-25T11:15:04Z" finished-at="2020-05-25T11:15:49Z">
      <class name="com.AgileIT.SampleProject1.TestClass1">
        <test-method status="PASS" signature="launchDriver()[pri:0, instance:com.AgileIT.SampleProject1.TestClass1@c038203]" name="launchDriver" is-config="true" duration-ms="12953" started-at="2020-05-25T16:45:04Z" finished-at="2020-05-25T16:45:17Z">
          <reporter-output>
          </reporter-output>
        </test-method> <!-- launchDriver -->
        <test-method status="PASS" signature="Test1()[pri:0, instance:com.AgileIT.SampleProject1.TestClass1@c038203]" name="Test1" duration-ms="2941" started-at="2020-05-25T16:45:17Z" finished-at="2020-05-25T16:45:20Z">
          <reporter-output>
          </reporter-output>
        </test-method> <!-- Test1 -->
        <test-method status="PASS" signature="quit()[pri:0, instance:com.AgileIT.SampleProject1.TestClass1@c038203]" name="quit" is-config="true" duration-ms="1429" started-at="2020-05-25T16:45:20Z" finished-at="2020-05-25T16:45:21Z">
          <reporter-output>
          </reporter-output>
        </test-method> <!-- quit -->
        <test-method status="PASS" signature="launchDriver()[pri:0, instance:com.AgileIT.SampleProject1.TestClass1@c038203]" name="launchDriver" is-config="true" duration-ms="10151" started-at="2020-05-25T16:45:21Z" finished-at="2020-05-25T16:45:31Z">
          <reporter-output>
          </reporter-output>
        </test-method> <!-- launchDriver -->
        <test-method status="PASS" signature="Test2()[pri:0, instance:com.AgileIT.SampleProject1.TestClass1@c038203]" name="Test2" duration-ms="2831" started-at="2020-05-25T16:45:31Z" finished-at="2020-05-25T16:45:34Z">
          <reporter-output>
          </reporter-output>
        </test-method> <!-- Test2 -->
        <test-method status="PASS" signature="quit()[pri:0, instance:com.AgileIT.SampleProject1.TestClass1@c038203]" name="quit" is-config="true" duration-ms="1263" started-at="2020-05-25T16:45:34Z" finished-at="2020-05-25T16:45:35Z">
          <reporter-output>
          </reporter-output>
        </test-method> <!-- quit -->
        <test-method status="PASS" signature="launchDriver()[pri:0, instance:com.AgileIT.SampleProject1.TestClass1@c038203]" name="launchDriver" is-config="true" duration-ms="9327" started-at="2020-05-25T16:45:35Z" finished-at="2020-05-25T16:45:45Z">
          <reporter-output>
          </reporter-output>
        </test-method> <!-- launchDriver -->
        <test-method status="PASS" signature="Test3()[pri:0, instance:com.AgileIT.SampleProject1.TestClass1@c038203]" name="Test3" duration-ms="2576" started-at="2020-05-25T16:45:45Z" finished-at="2020-05-25T16:45:47Z">
          <reporter-output>
          </reporter-output>
        </test-method> <!-- Test3 -->
        <test-method status="PASS" signature="quit()[pri:0, instance:com.AgileIT.SampleProject1.TestClass1@c038203]" name="quit" is-config="true" duration-ms="1262" started-at="2020-05-25T16:45:47Z" finished-at="2020-05-25T16:45:49Z">
          <reporter-output>
          </reporter-output>
        </test-method> <!-- quit -->
      </class> <!-- com.AgileIT.SampleProject1.TestClass1 -->
    </test> <!-- Default test -->
  </suite> <!-- Default suite -->
</testng-results>
